2022-04-19 15:49:11,574 INFO [main][SpringApplication.java:675] - No active profile set, falling back to default profiles: default
2022-04-19 15:49:12,340 WARN [main][EndpointId.java:135] - Endpoint ID 'service-registry' contains invalid characters, please migrate to a valid format.
2022-04-19 15:49:12,686 INFO [main][GenericScope.java:294] - BeanFactory id=f6e6c2e9-9c87-30ea-b8bb-432643f5daae
2022-04-19 15:49:12,817 INFO [main][PostProcessorRegistrationDelegate.java:330] - Bean 'org.springframework.cloud.autoconfigure.ConfigurationPropertiesRebinderAutoConfiguration' of type [org.springframework.cloud.autoconfigure.ConfigurationPropertiesRebinderAutoConfiguration$$EnhancerBySpringCGLIB$$cfe22b1f] is not eligible for getting processed by all BeanPostProcessors (for example: not eligible for auto-proxying)
2022-04-19 15:49:13,417 INFO [main][TomcatWebServer.java:90] - Tomcat initialized with port(s): 56080 (http)
2022-04-19 15:49:13,440 INFO [main][DirectJDKLog.java:173] - Initializing ProtocolHandler ["http-nio-56080"]
2022-04-19 15:49:13,454 INFO [main][DirectJDKLog.java:173] - Starting service [Tomcat]
2022-04-19 15:49:13,455 INFO [main][DirectJDKLog.java:173] - Starting Servlet engine: [Apache Tomcat/9.0.16]
2022-04-19 15:49:13,466 INFO [main][DirectJDKLog.java:173] - The APR based Apache Tomcat Native library which allows optimal performance in production environments was not found on the java.library.path: [C:\Program Files\Java\jdk1.8.0_291\bin;C:\windows\Sun\Java\bin;C:\windows\system32;C:\windows;C:\Python310\Scripts\;C:\Python310\;C:\ProgramData\Oracle\Java\javapath;C:\windows\system32;C:\windows;C:\windows\System32\Wbem;C:\windows\System32\WindowsPowerShell\v1.0\;C:\windows\System32\OpenSSH\;E:\Git\cmd;C:\Program Files\Java\jdk1.8.0_291\bin;C:\Program Files\Java\jdk1.8.0_291\jre\bin;E:\TortoiseGit\bin;E:\Xshell\;D:\nodjs\;C:\ProgramData\chocolatey\bin;C:\Users\liulin\AppData\Local\Microsoft\WindowsApps;;D:\Microsoft VS Code\bin;C:\Users\liulin\AppData\Roaming\npm;.]
2022-04-19 15:49:13,759 INFO [main][DirectJDKLog.java:173] - Initializing Spring embedded WebApplicationContext
2022-04-19 15:49:13,760 INFO [main][ServletWebServerApplicationContext.java:296] - Root WebApplicationContext: initialization completed in 2174 ms
2022-04-19 15:49:13,915 WARN [main][URLConfigurationSource.java:121] - No URLs will be polled as dynamic configuration sources.
2022-04-19 15:49:13,916 INFO [main][URLConfigurationSource.java:122] - To enable URLs as dynamic configuration sources, define System property archaius.configurationSource.additionalUrls or make config.properties available on classpath.
2022-04-19 15:49:13,936 INFO [main][DynamicPropertyFactory.java:281] - DynamicPropertyFactory is initialized with configuration sources: com.netflix.config.ConcurrentCompositeConfiguration@4cffd3fd
2022-04-19 15:49:15,993 INFO [main][WebApplicationImpl.java:815] - Initiating Jersey application, version 'Jersey: 1.19.1 03/11/2016 02:08 PM'
2022-04-19 15:49:16,097 INFO [main][DiscoveryJerseyProvider.java:70] - Using JSON encoding codec LegacyJacksonJson
2022-04-19 15:49:16,098 INFO [main][DiscoveryJerseyProvider.java:71] - Using JSON decoding codec LegacyJacksonJson
2022-04-19 15:49:16,243 INFO [main][DiscoveryJerseyProvider.java:80] - Using XML encoding codec XStreamXml
2022-04-19 15:49:16,244 INFO [main][DiscoveryJerseyProvider.java:81] - Using XML decoding codec XStreamXml
2022-04-19 15:49:16,762 WARN [main][URLConfigurationSource.java:121] - No URLs will be polled as dynamic configuration sources.
2022-04-19 15:49:16,762 INFO [main][URLConfigurationSource.java:122] - To enable URLs as dynamic configuration sources, define System property archaius.configurationSource.additionalUrls or make config.properties available on classpath.
2022-04-19 15:49:16,952 INFO [main][ExecutorConfigurationSupport.java:171] - Initializing ExecutorService 'applicationTaskExecutor'
2022-04-19 15:49:18,413 INFO [main][InstanceInfoFactory.java:71] - Setting initial instance status as: STARTING
2022-04-19 15:49:18,454 INFO [main][DiscoveryClient.java:349] - Initializing Eureka in region us-east-1
2022-04-19 15:49:18,454 INFO [main][DiscoveryClient.java:352] - Client configured to neither register nor query for data.
2022-04-19 15:49:18,465 INFO [main][DiscoveryClient.java:365] - Discovery Client initialized at timestamp 1650354558464 with initial instances count: 0
2022-04-19 15:49:18,519 INFO [main][DefaultEurekaServerContext.java:63] - Initializing ...
2022-04-19 15:49:18,523 INFO [main][PeerEurekaNodes.java:188] - Adding new peer nodes [http://localhost:56080/eureka/]
2022-04-19 15:49:19,183 INFO [main][DiscoveryJerseyProvider.java:70] - Using JSON encoding codec LegacyJacksonJson
2022-04-19 15:49:19,183 INFO [main][DiscoveryJerseyProvider.java:71] - Using JSON decoding codec LegacyJacksonJson
2022-04-19 15:49:19,184 INFO [main][DiscoveryJerseyProvider.java:80] - Using XML encoding codec XStreamXml
2022-04-19 15:49:19,184 INFO [main][DiscoveryJerseyProvider.java:81] - Using XML decoding codec XStreamXml
2022-04-19 15:49:19,332 INFO [main][PeerEurekaNodes.java:110] - Replica node URL:  http://localhost:56080/eureka/
2022-04-19 15:49:19,341 INFO [main][AbstractInstanceRegistry.java:151] - Finished initializing remote region registries. All known remote regions: []
2022-04-19 15:49:19,342 INFO [main][DefaultEurekaServerContext.java:70] - Initialized
2022-04-19 15:49:19,352 INFO [main][EndpointLinksResolver.java:59] - Exposing 2 endpoint(s) beneath base path '/actuator'
2022-04-19 15:49:19,444 INFO [main][EurekaServiceRegistry.java:42] - Registering application SEATA-DEMO-DISCOVERY with eureka with status UP
2022-04-19 15:49:19,448 INFO [Thread-33][EurekaServerBootstrap.java:109] - Setting the eureka configuration..
2022-04-19 15:49:19,449 INFO [Thread-33][EurekaServerBootstrap.java:114] - Eureka data center value eureka.datacenter is not set, defaulting to default
2022-04-19 15:49:19,449 INFO [Thread-33][EurekaServerBootstrap.java:128] - Eureka environment value eureka.environment is not set, defaulting to test
2022-04-19 15:49:19,465 INFO [Thread-33][EurekaServerBootstrap.java:184] - isAws returned false
2022-04-19 15:49:19,466 INFO [Thread-33][EurekaServerBootstrap.java:152] - Initialized server context
2022-04-19 15:49:19,466 INFO [Thread-33][PeerAwareInstanceRegistryImpl.java:241] - Got 1 instances from neighboring DS node
2022-04-19 15:49:19,466 INFO [Thread-33][PeerAwareInstanceRegistryImpl.java:242] - Renew threshold is: 1
2022-04-19 15:49:19,466 INFO [Thread-33][PeerAwareInstanceRegistryImpl.java:253] - Changing status to UP
2022-04-19 15:49:19,467 INFO [main][DirectJDKLog.java:173] - Starting ProtocolHandler ["http-nio-56080"]
2022-04-19 15:49:19,476 INFO [Thread-33][EurekaServerInitializerConfiguration.java:72] - Started Eureka Server
2022-04-19 15:49:19,499 INFO [main][TomcatWebServer.java:204] - Tomcat started on port(s): 56080 (http) with context path ''
2022-04-19 15:49:19,500 INFO [main][EurekaAutoServiceRegistration.java:141] - Updating port to 56080
2022-04-19 15:49:19,504 INFO [main][StartupInfoLogger.java:59] - Started DiscoverServerApplication in 10.899 seconds (JVM running for 13.62)
2022-04-19 15:49:20,093 INFO [RMI TCP Connection(6)-10.91.100.24][DirectJDKLog.java:173] - Initializing Spring DispatcherServlet 'dispatcherServlet'
2022-04-19 15:49:20,093 INFO [RMI TCP Connection(6)-10.91.100.24][FrameworkServlet.java:524] - Initializing Servlet 'dispatcherServlet'
2022-04-19 15:49:20,101 INFO [RMI TCP Connection(6)-10.91.100.24][FrameworkServlet.java:546] - Completed initialization in 7 ms
2022-04-19 15:49:29,482 INFO [Eureka-EvictionTimer][AbstractInstanceRegistry.java:1250] - Running the evict task with compensationTime 0ms
2022-04-19 15:49:39,495 INFO [Eureka-EvictionTimer][AbstractInstanceRegistry.java:1250] - Running the evict task with compensationTime 12ms
2022-04-19 15:49:49,502 INFO [Eureka-EvictionTimer][AbstractInstanceRegistry.java:1250] - Running the evict task with compensationTime 7ms
2022-04-19 15:49:59,551 INFO [Eureka-EvictionTimer][AbstractInstanceRegistry.java:1250] - Running the evict task with compensationTime 48ms
2022-04-19 15:50:09,557 INFO [Eureka-EvictionTimer][AbstractInstanceRegistry.java:1250] - Running the evict task with compensationTime 5ms
2022-04-19 15:50:19,566 INFO [Eureka-EvictionTimer][AbstractInstanceRegistry.java:1250] - Running the evict task with compensationTime 9ms
2022-04-19 15:50:29,575 INFO [Eureka-EvictionTimer][AbstractInstanceRegistry.java:1250] - Running the evict task with compensationTime 9ms
2022-04-19 15:50:39,580 INFO [Eureka-EvictionTimer][AbstractInstanceRegistry.java:1250] - Running the evict task with compensationTime 4ms
2022-04-19 15:50:49,593 INFO [Eureka-EvictionTimer][AbstractInstanceRegistry.java:1250] - Running the evict task with compensationTime 13ms
2022-04-19 15:50:59,607 INFO [Eureka-EvictionTimer][AbstractInstanceRegistry.java:1250] - Running the evict task with compensationTime 13ms
2022-04-19 15:51:09,612 INFO [Eureka-EvictionTimer][AbstractInstanceRegistry.java:1250] - Running the evict task with compensationTime 5ms
2022-04-19 15:51:19,617 INFO [Eureka-EvictionTimer][AbstractInstanceRegistry.java:1250] - Running the evict task with compensationTime 4ms
2022-04-19 15:51:29,620 INFO [Eureka-EvictionTimer][AbstractInstanceRegistry.java:1250] - Running the evict task with compensationTime 2ms
2022-04-19 15:51:39,624 INFO [Eureka-EvictionTimer][AbstractInstanceRegistry.java:1250] - Running the evict task with compensationTime 4ms
2022-04-19 15:51:49,632 INFO [Eureka-EvictionTimer][AbstractInstanceRegistry.java:1250] - Running the evict task with compensationTime 7ms
2022-04-19 15:51:59,635 INFO [Eureka-EvictionTimer][AbstractInstanceRegistry.java:1250] - Running the evict task with compensationTime 3ms
2022-04-19 15:52:09,641 INFO [Eureka-EvictionTimer][AbstractInstanceRegistry.java:1250] - Running the evict task with compensationTime 6ms
2022-04-19 15:52:19,652 INFO [Eureka-EvictionTimer][AbstractInstanceRegistry.java:1250] - Running the evict task with compensationTime 10ms
2022-04-19 15:52:29,663 INFO [Eureka-EvictionTimer][AbstractInstanceRegistry.java:1250] - Running the evict task with compensationTime 10ms
2022-04-19 15:52:39,669 INFO [Eureka-EvictionTimer][AbstractInstanceRegistry.java:1250] - Running the evict task with compensationTime 5ms
2022-04-19 15:52:49,670 INFO [Eureka-EvictionTimer][AbstractInstanceRegistry.java:1250] - Running the evict task with compensationTime 1ms
2022-04-19 15:52:59,684 INFO [Eureka-EvictionTimer][AbstractInstanceRegistry.java:1250] - Running the evict task with compensationTime 14ms
2022-04-19 15:53:09,699 INFO [Eureka-EvictionTimer][AbstractInstanceRegistry.java:1250] - Running the evict task with compensationTime 15ms
2022-04-19 15:53:19,703 INFO [Eureka-EvictionTimer][AbstractInstanceRegistry.java:1250] - Running the evict task with compensationTime 3ms
2022-04-19 15:53:29,707 INFO [Eureka-EvictionTimer][AbstractInstanceRegistry.java:1250] - Running the evict task with compensationTime 3ms
2022-04-19 15:53:39,710 INFO [Eureka-EvictionTimer][AbstractInstanceRegistry.java:1250] - Running the evict task with compensationTime 3ms
2022-04-19 15:53:49,718 INFO [Eureka-EvictionTimer][AbstractInstanceRegistry.java:1250] - Running the evict task with compensationTime 7ms
2022-04-19 15:53:59,731 INFO [Eureka-EvictionTimer][AbstractInstanceRegistry.java:1250] - Running the evict task with compensationTime 13ms
2022-04-19 15:54:09,740 INFO [Eureka-EvictionTimer][AbstractInstanceRegistry.java:1250] - Running the evict task with compensationTime 8ms
2022-04-19 15:54:19,755 INFO [Eureka-EvictionTimer][AbstractInstanceRegistry.java:1250] - Running the evict task with compensationTime 14ms
2022-04-19 15:54:29,758 INFO [Eureka-EvictionTimer][AbstractInstanceRegistry.java:1250] - Running the evict task with compensationTime 3ms
2022-04-19 15:54:39,759 INFO [Eureka-EvictionTimer][AbstractInstanceRegistry.java:1250] - Running the evict task with compensationTime 0ms
2022-04-19 15:54:49,773 INFO [Eureka-EvictionTimer][AbstractInstanceRegistry.java:1250] - Running the evict task with compensationTime 14ms
2022-04-19 15:54:59,784 INFO [Eureka-EvictionTimer][AbstractInstanceRegistry.java:1250] - Running the evict task with compensationTime 11ms
2022-04-19 15:55:09,788 INFO [Eureka-EvictionTimer][AbstractInstanceRegistry.java:1250] - Running the evict task with compensationTime 3ms
2022-04-19 15:55:19,792 INFO [Eureka-EvictionTimer][AbstractInstanceRegistry.java:1250] - Running the evict task with compensationTime 4ms
2022-04-19 15:55:29,803 INFO [Eureka-EvictionTimer][AbstractInstanceRegistry.java:1250] - Running the evict task with compensationTime 10ms
2022-04-19 15:55:39,812 INFO [Eureka-EvictionTimer][AbstractInstanceRegistry.java:1250] - Running the evict task with compensationTime 9ms
2022-04-19 15:55:49,827 INFO [Eureka-EvictionTimer][AbstractInstanceRegistry.java:1250] - Running the evict task with compensationTime 14ms
2022-04-19 15:55:59,832 INFO [Eureka-EvictionTimer][AbstractInstanceRegistry.java:1250] - Running the evict task with compensationTime 5ms
2022-04-19 15:56:09,845 INFO [Eureka-EvictionTimer][AbstractInstanceRegistry.java:1250] - Running the evict task with compensationTime 13ms
2022-04-19 15:56:19,857 INFO [Eureka-EvictionTimer][AbstractInstanceRegistry.java:1250] - Running the evict task with compensationTime 11ms
2022-04-19 15:56:29,865 INFO [Eureka-EvictionTimer][AbstractInstanceRegistry.java:1250] - Running the evict task with compensationTime 7ms
2022-04-19 15:56:39,889 INFO [Eureka-EvictionTimer][AbstractInstanceRegistry.java:1250] - Running the evict task with compensationTime 24ms
2022-04-19 15:56:49,895 INFO [Eureka-EvictionTimer][AbstractInstanceRegistry.java:1250] - Running the evict task with compensationTime 5ms
2022-04-19 15:56:59,906 INFO [Eureka-EvictionTimer][AbstractInstanceRegistry.java:1250] - Running the evict task with compensationTime 11ms
2022-04-19 15:57:09,914 INFO [Eureka-EvictionTimer][AbstractInstanceRegistry.java:1250] - Running the evict task with compensationTime 7ms
2022-04-19 15:57:19,914 INFO [Eureka-EvictionTimer][AbstractInstanceRegistry.java:1250] - Running the evict task with compensationTime 0ms
2022-04-19 15:57:29,917 INFO [Eureka-EvictionTimer][AbstractInstanceRegistry.java:1250] - Running the evict task with compensationTime 3ms
2022-04-19 15:57:39,928 INFO [Eureka-EvictionTimer][AbstractInstanceRegistry.java:1250] - Running the evict task with compensationTime 11ms
2022-04-19 15:57:49,931 INFO [Eureka-EvictionTimer][AbstractInstanceRegistry.java:1250] - Running the evict task with compensationTime 2ms
2022-04-19 15:57:59,942 INFO [Eureka-EvictionTimer][AbstractInstanceRegistry.java:1250] - Running the evict task with compensationTime 10ms
2022-04-19 15:58:09,957 INFO [Eureka-EvictionTimer][AbstractInstanceRegistry.java:1250] - Running the evict task with compensationTime 14ms
2022-04-19 15:58:19,964 INFO [Eureka-EvictionTimer][AbstractInstanceRegistry.java:1250] - Running the evict task with compensationTime 7ms
2022-04-19 15:58:29,972 INFO [Eureka-EvictionTimer][AbstractInstanceRegistry.java:1250] - Running the evict task with compensationTime 8ms
2022-04-19 15:58:39,978 INFO [Eureka-EvictionTimer][AbstractInstanceRegistry.java:1250] - Running the evict task with compensationTime 6ms
2022-04-19 15:58:49,992 INFO [Eureka-EvictionTimer][AbstractInstanceRegistry.java:1250] - Running the evict task with compensationTime 13ms
2022-04-19 15:59:00,006 INFO [Eureka-EvictionTimer][AbstractInstanceRegistry.java:1250] - Running the evict task with compensationTime 14ms
2022-04-19 15:59:10,013 INFO [Eureka-EvictionTimer][AbstractInstanceRegistry.java:1250] - Running the evict task with compensationTime 7ms
2022-04-19 15:59:20,018 INFO [Eureka-EvictionTimer][AbstractInstanceRegistry.java:1250] - Running the evict task with compensationTime 4ms
2022-04-19 15:59:30,023 INFO [Eureka-EvictionTimer][AbstractInstanceRegistry.java:1250] - Running the evict task with compensationTime 5ms
2022-04-19 15:59:40,038 INFO [Eureka-EvictionTimer][AbstractInstanceRegistry.java:1250] - Running the evict task with compensationTime 14ms
2022-04-19 15:59:50,039 INFO [Eureka-EvictionTimer][AbstractInstanceRegistry.java:1250] - Running the evict task with compensationTime 1ms
